TN:
SF:src\components\GoalCalculator.vue
FN:76,(anonymous_0)
FN:84,(anonymous_1)
FN:92,(anonymous_2)
FN:96,(anonymous_3)
FN:100,(anonymous_4)
FN:10,(anonymous_5)
FN:10,(anonymous_6)
FN:17,(anonymous_7)
FN:17,(anonymous_8)
FN:24,(anonymous_9)
FN:24,(anonymous_10)
FN:28,(anonymous_11)
FN:28,(anonymous_12)
FN:35,(anonymous_13)
FN:35,(anonymous_14)
FNF:15
FNH:7
FNDA:3,(anonymous_0)
FNDA:3,(anonymous_1)
FNDA:3,(anonymous_2)
FNDA:3,(anonymous_3)
FNDA:3,(anonymous_4)
FNDA:1,(anonymous_5)
FNDA:1,(anonymous_6)
FNDA:0,(anonymous_7)
FNDA:0,(anonymous_8)
FNDA:0,(anonymous_9)
FNDA:0,(anonymous_10)
FNDA:0,(anonymous_11)
FNDA:0,(anonymous_12)
FNDA:0,(anonymous_13)
FNDA:0,(anonymous_14)
DA:2,3
DA:8,1
DA:9,1
DA:10,1
DA:15,1
DA:16,1
DA:17,0
DA:22,1
DA:23,1
DA:24,0
DA:26,1
DA:27,1
DA:28,0
DA:33,1
DA:34,1
DA:35,0
DA:42,1
DA:43,1
DA:44,1
DA:51,1
DA:52,1
DA:56,1
DA:68,2
DA:70,2
DA:71,2
DA:72,2
DA:73,2
DA:74,2
DA:76,2
DA:77,3
DA:78,3
DA:80,3
DA:81,3
DA:84,2
DA:85,3
DA:86,3
DA:89,0
DA:92,2
DA:93,3
DA:96,2
DA:97,3
DA:100,2
DA:101,3
DA:102,3
LF:44
LH:39
BRDA:80,0,0,0
BRDA:80,0,1,3
BRDA:85,1,0,3
BRDA:85,1,1,0
BRDA:10,2,0,3
BRDA:10,2,1,2
BRDA:10,3,0,3
BRDA:10,3,1,2
BRDA:10,4,0,0
BRDA:10,4,1,1
BRDA:11,5,0,0
BRDA:17,6,0,3
BRDA:17,6,1,2
BRDA:17,7,0,3
BRDA:17,7,1,2
BRDA:17,8,0,0
BRDA:17,8,1,0
BRDA:18,9,0,0
BRDA:24,10,0,3
BRDA:24,10,1,2
BRDA:24,11,0,3
BRDA:24,11,1,2
BRDA:24,12,0,0
BRDA:24,12,1,0
BRDA:28,13,0,3
BRDA:28,13,1,2
BRDA:28,14,0,3
BRDA:28,14,1,2
BRDA:28,15,0,0
BRDA:28,15,1,0
BRDA:29,16,0,0
BRDA:35,17,0,3
BRDA:35,17,1,2
BRDA:35,18,0,3
BRDA:35,18,1,2
BRDA:35,19,0,0
BRDA:35,19,1,0
BRDA:36,20,0,0
BRDA:49,21,0,3
BRDA:49,21,1,2
BRDA:54,22,0,3
BRDA:54,22,1,2
BRF:42
BRH:27
end_of_record
TN:
SF:src\components\InvestmentTimeline.vue
FN:112,(anonymous_0)
FN:112,(anonymous_1)
FN:113,(anonymous_2)
FN:113,(anonymous_3)
FN:118,(anonymous_4)
FN:136,toggleCheck
FN:152,generateTimeline
FN:158,(anonymous_7)
FN:176,(anonymous_8)
FN:202,(anonymous_9)
FN:212,(anonymous_10)
FN:223,saveState
FN:231,(anonymous_12)
FN:237,(anonymous_13)
FN:238,(anonymous_14)
FN:268,(anonymous_15)
FN:269,(anonymous_16)
FN:270,(anonymous_17)
FN:271,(anonymous_18)
FN:276,(anonymous_19)
FN:277,(anonymous_20)
FN:36,(anonymous_21)
FN:42,(anonymous_22)
FN:44,(anonymous_23)
FN:53,(anonymous_24)
FN:53,(anonymous_25)
FN:57,(anonymous_26)
FN:57,(anonymous_27)
FN:60,(anonymous_28)
FN:64,(anonymous_29)
FN:73,(anonymous_30)
FN:75,(anonymous_31)
FN:84,(anonymous_32)
FN:84,(anonymous_33)
FN:88,(anonymous_34)
FN:88,(anonymous_35)
FN:91,(anonymous_36)
FN:95,(anonymous_37)
FNF:38
FNH:2
FNDA:0,(anonymous_0)
FNDA:0,(anonymous_1)
FNDA:0,(anonymous_2)
FNDA:0,(anonymous_3)
FNDA:1,(anonymous_4)
FNDA:0,toggleCheck
FNDA:1,generateTimeline
FNDA:0,(anonymous_7)
FNDA:0,(anonymous_8)
FNDA:0,(anonymous_9)
FNDA:0,(anonymous_10)
FNDA:0,saveState
FNDA:0,(anonymous_12)
FNDA:0,(anonymous_13)
FNDA:0,(anonymous_14)
FNDA:0,(anonymous_15)
FNDA:0,(anonymous_16)
FNDA:0,(anonymous_17)
FNDA:0,(anonymous_18)
FNDA:0,(anonymous_19)
FNDA:0,(anonymous_20)
FNDA:0,(anonymous_21)
FNDA:0,(anonymous_22)
FNDA:0,(anonymous_23)
FNDA:0,(anonymous_24)
FNDA:0,(anonymous_25)
FNDA:0,(anonymous_26)
FNDA:0,(anonymous_27)
FNDA:0,(anonymous_28)
FNDA:0,(anonymous_29)
FNDA:0,(anonymous_30)
FNDA:0,(anonymous_31)
FNDA:0,(anonymous_32)
FNDA:0,(anonymous_33)
FNDA:0,(anonymous_34)
FNDA:0,(anonymous_35)
FNDA:0,(anonymous_36)
FNDA:0,(anonymous_37)
DA:2,2
DA:7,1
DA:11,1
DA:12,1
DA:15,1
DA:16,1
DA:17,1
DA:19,1
DA:20,1
DA:25,1
DA:28,1
DA:36,0
DA:41,1
DA:42,0
DA:43,1
DA:44,0
DA:45,1
DA:46,1
DA:47,1
DA:49,1
DA:51,1
DA:52,1
DA:53,0
DA:55,1
DA:56,1
DA:57,0
DA:60,0
DA:64,0
DA:73,0
DA:74,1
DA:75,0
DA:76,1
DA:77,1
DA:78,1
DA:80,1
DA:82,1
DA:83,1
DA:84,0
DA:86,1
DA:87,1
DA:88,0
DA:91,0
DA:95,0
DA:108,1
DA:110,1
DA:111,1
DA:112,1
DA:113,1
DA:115,1
DA:116,1
DA:118,1
DA:119,1
DA:120,1
DA:123,1
DA:124,1
DA:125,0
DA:126,0
DA:128,0
DA:131,1
DA:133,1
DA:137,0
DA:139,0
DA:140,0
DA:141,0
DA:142,0
DA:143,0
DA:147,0
DA:149,0
DA:153,1
DA:154,1
DA:156,1
DA:157,1
DA:158,0
DA:159,0
DA:160,0
DA:161,0
DA:162,0
DA:168,1
DA:169,24
DA:172,24
DA:174,24
DA:176,24
DA:177,0
DA:178,0
DA:179,0
DA:180,0
DA:184,0
DA:187,0
DA:189,0
DA:190,0
DA:191,0
DA:192,0
DA:193,0
DA:196,0
DA:202,0
DA:204,24
DA:205,0
DA:212,0
DA:213,0
DA:214,0
DA:220,24
DA:224,0
DA:225,0
DA:226,0
DA:229,0
DA:230,0
DA:231,0
DA:232,0
DA:233,0
DA:236,0
DA:237,0
DA:238,0
DA:240,0
DA:241,0
DA:242,0
DA:243,0
DA:244,0
DA:246,0
DA:248,0
DA:251,0
DA:255,0
DA:256,0
DA:260,0
DA:261,0
DA:264,0
DA:268,1
DA:269,0
DA:270,0
DA:271,0
DA:273,0
DA:276,1
DA:277,0
LF:132
LH:57
BRDA:125,0,0,0
BRDA:125,0,1,0
BRDA:137,1,0,0
BRDA:137,1,1,0
BRDA:140,2,0,0
BRDA:140,2,1,0
BRDA:141,3,0,0
BRDA:141,3,1,0
BRDA:142,4,0,0
BRDA:142,4,1,0
BRDA:157,5,0,0
BRDA:157,5,1,1
BRDA:157,6,0,1
BRDA:157,6,1,1
BRDA:159,7,0,0
BRDA:159,7,1,0
BRDA:162,8,0,0
BRDA:162,8,1,0
BRDA:178,9,0,0
BRDA:178,9,1,0
BRDA:184,10,0,0
BRDA:184,10,1,0
BRDA:187,11,0,0
BRDA:187,11,1,0
BRDA:187,12,0,0
BRDA:187,12,1,0
BRDA:190,13,0,0
BRDA:190,13,1,0
BRDA:190,14,0,0
BRDA:190,14,1,0
BRDA:192,15,0,0
BRDA:192,15,1,0
BRDA:202,16,0,0
BRDA:202,16,1,0
BRDA:204,17,0,0
BRDA:204,17,1,24
BRDA:213,18,0,0
BRDA:213,18,1,0
BRDA:213,19,0,0
BRDA:213,19,1,0
BRDA:229,20,0,0
BRDA:229,20,1,0
BRDA:229,21,0,0
BRDA:229,21,1,0
BRDA:232,22,0,0
BRDA:232,22,1,0
BRDA:233,23,0,0
BRDA:233,23,1,0
BRDA:242,24,0,0
BRDA:242,24,1,0
BRDA:243,25,0,0
BRDA:243,25,1,0
BRDA:246,26,0,0
BRDA:246,26,1,0
BRDA:246,27,0,0
BRDA:246,27,1,0
BRDA:246,27,2,0
BRDA:269,28,0,0
BRDA:269,28,1,0
BRDA:277,29,0,0
BRDA:277,29,1,0
BRDA:6,30,0,2
BRDA:6,30,1,0
BRDA:29,31,0,0
BRDA:29,31,1,0
BRDA:35,32,0,0
BRDA:36,33,0,0
BRDA:36,33,1,0
BRDA:38,34,0,0
BRDA:38,34,1,0
BRDA:44,35,0,0
BRDA:44,35,1,0
BRDA:50,36,0,0
BRDA:53,37,0,0
BRDA:53,37,1,0
BRDA:57,38,0,0
BRDA:57,38,1,0
BRDA:61,39,0,0
BRDA:61,39,1,0
BRDA:62,40,0,0
BRDA:62,40,1,0
BRDA:75,41,0,0
BRDA:75,41,1,0
BRDA:81,42,0,0
BRDA:84,43,0,0
BRDA:84,43,1,0
BRDA:88,44,0,0
BRDA:88,44,1,0
BRDA:92,45,0,0
BRDA:92,45,1,0
BRDA:93,46,0,0
BRDA:93,46,1,0
BRF:92
BRH:5
end_of_record
TN:
SF:src\components\PastInvestmentSimulator.vue
FN:81,(anonymous_0)
FN:91,(anonymous_1)
FN:99,(anonymous_2)
FN:103,(anonymous_3)
FN:107,(anonymous_4)
FN:10,(anonymous_5)
FN:10,(anonymous_6)
FN:20,(anonymous_7)
FN:20,(anonymous_8)
FN:27,(anonymous_9)
FN:27,(anonymous_10)
FN:34,(anonymous_11)
FN:34,(anonymous_12)
FN:41,(anonymous_13)
FN:41,(anonymous_14)
FNF:15
FNH:7
FNDA:3,(anonymous_0)
FNDA:3,(anonymous_1)
FNDA:3,(anonymous_2)
FNDA:3,(anonymous_3)
FNDA:3,(anonymous_4)
FNDA:0,(anonymous_5)
FNDA:0,(anonymous_6)
FNDA:0,(anonymous_7)
FNDA:0,(anonymous_8)
FNDA:1,(anonymous_9)
FNDA:1,(anonymous_10)
FNDA:0,(anonymous_11)
FNDA:0,(anonymous_12)
FNDA:0,(anonymous_13)
FNDA:0,(anonymous_14)
DA:2,3
DA:8,1
DA:9,1
DA:10,0
DA:18,1
DA:19,1
DA:20,0
DA:25,1
DA:26,1
DA:27,1
DA:32,1
DA:33,1
DA:34,0
DA:39,1
DA:40,1
DA:41,0
DA:48,1
DA:49,1
DA:50,1
DA:51,1
DA:55,1
DA:56,1
DA:60,1
DA:72,2
DA:74,2
DA:75,2
DA:76,2
DA:77,2
DA:78,2
DA:79,2
DA:81,2
DA:82,3
DA:83,3
DA:84,3
DA:85,3
DA:87,3
DA:88,3
DA:91,2
DA:92,3
DA:93,3
DA:94,3
DA:96,3
DA:99,2
DA:100,3
DA:103,2
DA:104,3
DA:107,2
DA:108,3
DA:109,3
LF:49
LH:45
BRDA:83,0,0,0
BRDA:83,0,1,3
BRDA:83,1,0,3
BRDA:83,1,1,3
BRDA:87,2,0,0
BRDA:87,2,1,3
BRDA:93,3,0,0
BRDA:93,3,1,3
BRDA:93,4,0,3
BRDA:93,4,1,3
BRDA:10,5,0,3
BRDA:10,5,1,2
BRDA:10,6,0,3
BRDA:10,6,1,2
BRDA:10,7,0,0
BRDA:10,7,1,0
BRDA:11,8,0,0
BRDA:11,9,0,3
BRDA:11,9,1,3
BRDA:14,10,0,0
BRDA:14,11,0,3
BRDA:14,11,1,3
BRDA:20,12,0,3
BRDA:20,12,1,2
BRDA:20,13,0,3
BRDA:20,13,1,2
BRDA:20,14,0,0
BRDA:20,14,1,0
BRDA:21,15,0,0
BRDA:27,16,0,3
BRDA:27,16,1,2
BRDA:27,17,0,3
BRDA:27,17,1,2
BRDA:27,18,0,0
BRDA:27,18,1,1
BRDA:28,19,0,0
BRDA:34,20,0,3
BRDA:34,20,1,2
BRDA:34,21,0,3
BRDA:34,21,1,2
BRDA:34,22,0,0
BRDA:34,22,1,0
BRDA:35,23,0,0
BRDA:41,24,0,3
BRDA:41,24,1,2
BRDA:41,25,0,3
BRDA:41,25,1,2
BRDA:41,26,0,0
BRDA:41,26,1,0
BRDA:42,27,0,0
BRDA:53,28,0,3
BRDA:53,28,1,2
BRDA:58,29,0,3
BRDA:58,29,1,2
BRF:54
BRH:36
end_of_record
TN:
SF:src\components\PortfolioTracker.vue
FN:393,(anonymous_0)
FN:395,(anonymous_1)
FN:408,(anonymous_2)
FN:419,formatMonth
FN:426,getElapsedMonths
FN:435,hasTimeGap
FN:442,toggleGap
FN:448,triggerAddMode
FN:453,saveInvestment
FN:464,(anonymous_9)
FN:486,editInv
FN:508,cancelEdit
FN:514,removeInv
FN:519,confirmDeleteInv
FN:534,getTranslatedType
FN:547,projected
FN:553,calculateEarlyOffset
FN:559,getOriginalApport
FN:571,calculateHypotheticalCurrentBalance
FN:580,calculateEarlyTarget
FN:590,calculateCatchupApport
FN:9,(anonymous_21)
FN:41,(anonymous_22)
FN:81,(anonymous_23)
FN:82,(anonymous_24)
FN:103,(anonymous_25)
FN:114,(anonymous_26)
FN:119,(anonymous_27)
FN:131,(anonymous_28)
FN:137,(anonymous_29)
FN:137,(anonymous_30)
FN:149,(anonymous_31)
FN:149,(anonymous_32)
FN:160,(anonymous_33)
FN:160,(anonymous_34)
FN:168,(anonymous_35)
FN:168,(anonymous_36)
FN:176,(anonymous_37)
FN:176,(anonymous_38)
FN:184,(anonymous_39)
FN:184,(anonymous_40)
FN:190,(anonymous_41)
FN:197,(anonymous_42)
FN:197,(anonymous_43)
FN:217,(anonymous_44)
FN:234,(anonymous_45)
FN:239,(anonymous_46)
FN:251,(anonymous_47)
FN:257,(anonymous_48)
FN:257,(anonymous_49)
FN:269,(anonymous_50)
FN:269,(anonymous_51)
FN:280,(anonymous_52)
FN:280,(anonymous_53)
FN:288,(anonymous_54)
FN:288,(anonymous_55)
FN:296,(anonymous_56)
FN:296,(anonymous_57)
FN:304,(anonymous_58)
FN:304,(anonymous_59)
FN:310,(anonymous_60)
FN:317,(anonymous_61)
FN:317,(anonymous_62)
FN:334,(anonymous_63)
FN:334,(anonymous_64)
FN:342,(anonymous_65)
FNF:66
FNH:16
FNDA:1,(anonymous_0)
FNDA:1,(anonymous_1)
FNDA:1,(anonymous_2)
FNDA:1,formatMonth
FNDA:12,getElapsedMonths
FNDA:1,hasTimeGap
FNDA:0,toggleGap
FNDA:0,triggerAddMode
FNDA:0,saveInvestment
FNDA:0,(anonymous_9)
FNDA:0,editInv
FNDA:0,cancelEdit
FNDA:0,removeInv
FNDA:0,confirmDeleteInv
FNDA:1,getTranslatedType
FNDA:3,projected
FNDA:0,calculateEarlyOffset
FNDA:4,getOriginalApport
FNDA:2,calculateHypotheticalCurrentBalance
FNDA:2,calculateEarlyTarget
FNDA:1,calculateCatchupApport
FNDA:0,(anonymous_21)
FNDA:1,(anonymous_22)
FNDA:0,(anonymous_23)
FNDA:0,(anonymous_24)
FNDA:1,(anonymous_25)
FNDA:0,(anonymous_26)
FNDA:0,(anonymous_27)
FNDA:0,(anonymous_28)
FNDA:0,(anonymous_29)
FNDA:0,(anonymous_30)
FNDA:0,(anonymous_31)
FNDA:0,(anonymous_32)
FNDA:0,(anonymous_33)
FNDA:0,(anonymous_34)
FNDA:0,(anonymous_35)
FNDA:0,(anonymous_36)
FNDA:0,(anonymous_37)
FNDA:0,(anonymous_38)
FNDA:0,(anonymous_39)
FNDA:0,(anonymous_40)
FNDA:0,(anonymous_41)
FNDA:0,(anonymous_42)
FNDA:0,(anonymous_43)
FNDA:1,(anonymous_44)
FNDA:0,(anonymous_45)
FNDA:0,(anonymous_46)
FNDA:0,(anonymous_47)
FNDA:0,(anonymous_48)
FNDA:0,(anonymous_49)
FNDA:0,(anonymous_50)
FNDA:0,(anonymous_51)
FNDA:0,(anonymous_52)
FNDA:0,(anonymous_53)
FNDA:0,(anonymous_54)
FNDA:0,(anonymous_55)
FNDA:0,(anonymous_56)
FNDA:0,(anonymous_57)
FNDA:0,(anonymous_58)
FNDA:0,(anonymous_59)
FNDA:0,(anonymous_60)
FNDA:0,(anonymous_61)
FNDA:0,(anonymous_62)
FNDA:1,(anonymous_63)
FNDA:0,(anonymous_64)
FNDA:0,(anonymous_65)
DA:2,2
DA:6,1
DA:7,1
DA:9,0
DA:10,1
DA:11,1
DA:12,1
DA:13,1
DA:24,1
DA:25,1
DA:41,1
DA:44,1
DA:45,1
DA:54,1
DA:57,1
DA:60,1
DA:66,1
DA:67,1
DA:76,1
DA:80,1
DA:81,0
DA:82,0
DA:90,1
DA:92,1
DA:105,1
DA:110,1
DA:112,1
DA:114,0
DA:117,1
DA:119,0
DA:120,1
DA:121,1
DA:122,1
DA:123,1
DA:124,1
DA:128,1
DA:130,1
DA:131,0
DA:132,1
DA:133,1
DA:134,1
DA:135,1
DA:137,0
DA:147,1
DA:149,0
DA:158,1
DA:160,0
DA:166,1
DA:168,0
DA:174,1
DA:176,0
DA:182,1
DA:184,0
DA:189,1
DA:190,0
DA:197,0
DA:205,1
DA:212,1
DA:232,1
DA:234,0
DA:237,1
DA:239,0
DA:240,1
DA:241,1
DA:242,1
DA:243,1
DA:244,1
DA:248,1
DA:250,1
DA:251,0
DA:252,1
DA:253,1
DA:254,1
DA:255,1
DA:257,0
DA:267,1
DA:269,0
DA:278,1
DA:280,0
DA:286,1
DA:288,0
DA:294,1
DA:296,0
DA:302,1
DA:304,0
DA:309,1
DA:310,0
DA:317,0
DA:324,1
DA:329,1
DA:334,0
DA:337,1
DA:338,1
DA:341,1
DA:342,0
DA:350,1
DA:360,1
DA:362,1
DA:363,1
DA:364,1
DA:368,1
DA:369,1
DA:370,1
DA:371,1
DA:372,1
DA:373,1
DA:374,1
DA:376,1
DA:390,1
DA:391,1
DA:393,1
DA:394,1
DA:395,1
DA:396,1
DA:397,1
DA:398,1
DA:399,1
DA:402,1
DA:403,0
DA:405,1
DA:408,1
DA:409,1
DA:410,1
DA:411,1
DA:412,1
DA:414,1
DA:420,1
DA:421,1
DA:422,1
DA:423,1
DA:427,12
DA:428,12
DA:429,12
DA:430,12
DA:431,12
DA:432,12
DA:436,1
DA:438,1
DA:439,1
DA:443,0
DA:444,0
DA:449,0
DA:450,0
DA:454,0
DA:456,0
DA:457,0
DA:458,0
DA:459,0
DA:460,0
DA:463,0
DA:464,0
DA:465,0
DA:466,0
DA:467,0
DA:470,0
DA:471,0
DA:472,0
DA:473,0
DA:475,0
DA:476,0
DA:477,0
DA:479,0
DA:480,0
DA:483,0
DA:487,0
DA:488,0
DA:490,0
DA:491,0
DA:492,0
DA:493,0
DA:495,0
DA:496,0
DA:498,0
DA:499,0
DA:501,0
DA:502,0
DA:503,0
DA:505,0
DA:509,0
DA:510,0
DA:511,0
DA:515,0
DA:516,0
DA:520,0
DA:521,0
DA:522,0
DA:523,0
DA:524,0
DA:526,0
DA:527,0
DA:529,0
DA:530,0
DA:535,1
DA:536,1
DA:543,1
DA:544,1
DA:548,3
DA:549,3
DA:550,3
DA:554,0
DA:555,0
DA:556,0
DA:560,4
DA:561,4
DA:562,4
DA:563,4
DA:565,4
DA:566,0
DA:568,4
DA:572,2
DA:573,2
DA:574,2
DA:575,2
DA:576,2
DA:577,2
DA:581,2
DA:582,2
DA:583,2
DA:584,2
DA:585,2
DA:586,2
DA:587,2
DA:591,1
DA:592,1
DA:593,1
DA:595,1
DA:597,1
LF:227
LH:142
BRDA:396,0,0,1
BRDA:396,0,1,0
BRDA:397,1,0,1
BRDA:397,1,1,0
BRDA:398,2,0,1
BRDA:398,2,1,0
BRDA:398,3,0,1
BRDA:398,3,1,1
BRDA:398,3,2,0
BRDA:402,4,0,0
BRDA:402,4,1,1
BRDA:409,5,0,1
BRDA:409,5,1,0
BRDA:420,6,0,0
BRDA:420,6,1,1
BRDA:422,7,0,0
BRDA:422,7,1,1
BRDA:427,8,0,0
BRDA:427,8,1,12
BRDA:430,9,0,0
BRDA:430,9,1,12
BRDA:430,10,0,12
BRDA:430,10,1,12
BRDA:436,11,0,0
BRDA:436,11,1,1
BRDA:436,12,0,1
BRDA:436,12,1,1
BRDA:443,13,0,0
BRDA:443,13,1,0
BRDA:443,14,0,0
BRDA:443,14,1,0
BRDA:454,15,0,0
BRDA:454,15,1,0
BRDA:458,16,0,0
BRDA:458,16,1,0
BRDA:458,17,0,0
BRDA:458,17,1,0
BRDA:458,17,2,0
BRDA:458,17,3,0
BRDA:464,18,0,0
BRDA:464,18,1,0
BRDA:465,19,0,0
BRDA:465,19,1,0
BRDA:475,20,0,0
BRDA:475,20,1,0
BRDA:491,21,0,0
BRDA:491,21,1,0
BRDA:492,22,0,0
BRDA:492,22,1,0
BRDA:493,23,0,0
BRDA:493,23,1,0
BRDA:495,24,0,0
BRDA:495,24,1,0
BRDA:498,25,0,0
BRDA:498,25,1,0
BRDA:499,26,0,0
BRDA:499,26,1,0
BRDA:520,27,0,0
BRDA:520,27,1,0
BRDA:522,28,0,0
BRDA:522,28,1,0
BRDA:526,29,0,0
BRDA:526,29,1,0
BRDA:535,30,0,0
BRDA:535,30,1,1
BRDA:544,31,0,1
BRDA:544,31,1,0
BRDA:550,32,0,3
BRDA:550,32,1,3
BRDA:554,33,0,0
BRDA:554,33,1,0
BRDA:555,34,0,0
BRDA:555,34,1,0
BRDA:560,35,0,4
BRDA:560,35,1,0
BRDA:561,36,0,0
BRDA:561,36,1,4
BRDA:565,37,0,0
BRDA:565,37,1,4
BRDA:565,38,0,4
BRDA:565,38,1,4
BRDA:572,39,0,2
BRDA:572,39,1,0
BRDA:573,40,0,0
BRDA:573,40,1,2
BRDA:577,41,0,2
BRDA:577,41,1,2
BRDA:581,42,0,2
BRDA:581,42,1,0
BRDA:582,43,0,0
BRDA:582,43,1,2
BRDA:587,44,0,2
BRDA:587,44,1,2
BRDA:595,45,0,0
BRDA:595,45,1,1
BRDA:597,46,0,1
BRDA:597,46,1,1
BRDA:9,47,0,2
BRDA:9,47,1,1
BRDA:17,48,0,2
BRDA:26,49,0,1
BRDA:26,49,1,1
BRDA:42,50,0,0
BRDA:42,50,1,1
BRDA:48,51,0,1
BRDA:48,51,1,1
BRDA:51,52,0,1
BRDA:51,52,1,1
BRDA:65,53,0,1
BRDA:65,53,1,0
BRDA:76,54,0,0
BRDA:76,54,1,0
BRDA:91,55,0,1
BRDA:91,55,1,1
BRDA:103,56,0,0
BRDA:114,57,0,0
BRDA:114,57,1,0
BRDA:119,58,0,0
BRDA:119,58,1,0
BRDA:131,59,0,0
BRDA:131,59,1,0
BRDA:137,60,0,0
BRDA:137,60,1,0
BRDA:137,61,0,0
BRDA:137,61,1,0
BRDA:137,62,0,0
BRDA:137,62,1,0
BRDA:139,63,0,0
BRDA:139,64,0,0
BRDA:139,64,1,0
BRDA:142,65,0,0
BRDA:142,66,0,0
BRDA:142,66,1,0
BRDA:149,67,0,0
BRDA:149,67,1,0
BRDA:149,68,0,0
BRDA:149,68,1,0
BRDA:149,69,0,0
BRDA:149,69,1,0
BRDA:150,70,0,0
BRDA:150,71,0,0
BRDA:150,71,1,0
BRDA:153,72,0,0
BRDA:153,73,0,0
BRDA:153,73,1,0
BRDA:160,74,0,0
BRDA:160,74,1,0
BRDA:160,75,0,0
BRDA:160,75,1,0
BRDA:160,76,0,0
BRDA:160,76,1,0
BRDA:161,77,0,0
BRDA:168,78,0,0
BRDA:168,78,1,0
BRDA:168,79,0,0
BRDA:168,79,1,0
BRDA:168,80,0,0
BRDA:168,80,1,0
BRDA:169,81,0,0
BRDA:176,82,0,0
BRDA:176,82,1,0
BRDA:176,83,0,0
BRDA:176,83,1,0
BRDA:176,84,0,0
BRDA:176,84,1,0
BRDA:177,85,0,0
BRDA:184,86,0,0
BRDA:184,86,1,0
BRDA:184,87,0,0
BRDA:184,87,1,0
BRDA:184,88,0,0
BRDA:184,88,1,0
BRDA:185,89,0,0
BRDA:190,90,0,0
BRDA:190,90,1,0
BRDA:197,91,0,0
BRDA:197,91,1,0
BRDA:197,92,0,0
BRDA:197,92,1,0
BRDA:197,93,0,0
BRDA:197,93,1,0
BRDA:198,94,0,0
BRDA:217,95,0,0
BRDA:225,96,0,0
BRDA:225,96,1,0
BRDA:234,97,0,0
BRDA:234,97,1,0
BRDA:239,98,0,0
BRDA:239,98,1,0
BRDA:251,99,0,0
BRDA:251,99,1,0
BRDA:257,100,0,0
BRDA:257,100,1,0
BRDA:257,101,0,0
BRDA:257,101,1,0
BRDA:257,102,0,0
BRDA:257,102,1,0
BRDA:259,103,0,0
BRDA:259,104,0,0
BRDA:259,104,1,0
BRDA:262,105,0,0
BRDA:262,106,0,0
BRDA:262,106,1,0
BRDA:269,107,0,0
BRDA:269,107,1,0
BRDA:269,108,0,0
BRDA:269,108,1,0
BRDA:269,109,0,0
BRDA:269,109,1,0
BRDA:270,110,0,0
BRDA:270,111,0,0
BRDA:270,111,1,0
BRDA:273,112,0,0
BRDA:273,113,0,0
BRDA:273,113,1,0
BRDA:280,114,0,0
BRDA:280,114,1,0
BRDA:280,115,0,0
BRDA:280,115,1,0
BRDA:280,116,0,0
BRDA:280,116,1,0
BRDA:281,117,0,0
BRDA:288,118,0,0
BRDA:288,118,1,0
BRDA:288,119,0,0
BRDA:288,119,1,0
BRDA:288,120,0,0
BRDA:288,120,1,0
BRDA:289,121,0,0
BRDA:296,122,0,0
BRDA:296,122,1,0
BRDA:296,123,0,0
BRDA:296,123,1,0
BRDA:296,124,0,0
BRDA:296,124,1,0
BRDA:297,125,0,0
BRDA:304,126,0,0
BRDA:304,126,1,0
BRDA:304,127,0,0
BRDA:304,127,1,0
BRDA:304,128,0,0
BRDA:304,128,1,0
BRDA:305,129,0,0
BRDA:310,130,0,0
BRDA:310,130,1,0
BRDA:317,131,0,0
BRDA:317,131,1,0
BRDA:317,132,0,0
BRDA:317,132,1,0
BRDA:317,133,0,0
BRDA:317,133,1,0
BRDA:318,134,0,0
BRDA:334,135,0,0
BRDA:334,136,0,0
BRDA:334,136,1,0
BRDA:336,137,0,0
BRDA:336,137,1,0
BRDA:342,138,0,0
BRDA:342,138,1,0
BRF:259
BRH:49
end_of_record
TN:
SF:src\components\TimeGapComparator.vue
FN:96,(anonymous_0)
FN:107,(anonymous_1)
FN:117,(anonymous_2)
FN:127,(anonymous_3)
FN:10,(anonymous_4)
FN:10,(anonymous_5)
FN:17,(anonymous_6)
FN:17,(anonymous_7)
FN:27,(anonymous_8)
FN:27,(anonymous_9)
FN:37,(anonymous_10)
FN:37,(anonymous_11)
FNF:12
FNH:6
FNDA:3,(anonymous_0)
FNDA:2,(anonymous_1)
FNDA:3,(anonymous_2)
FNDA:3,(anonymous_3)
FNDA:0,(anonymous_4)
FNDA:0,(anonymous_5)
FNDA:0,(anonymous_6)
FNDA:0,(anonymous_7)
FNDA:1,(anonymous_8)
FNDA:1,(anonymous_9)
FNDA:0,(anonymous_10)
FNDA:0,(anonymous_11)
DA:2,3
DA:8,1
DA:9,1
DA:10,0
DA:15,1
DA:16,1
DA:17,0
DA:25,1
DA:26,1
DA:27,1
DA:35,1
DA:36,1
DA:37,0
DA:47,1
DA:49,1
DA:50,1
DA:53,1
DA:54,1
DA:59,1
DA:60,1
DA:61,1
DA:62,1
DA:67,1
DA:68,1
DA:69,1
DA:88,2
DA:90,2
DA:91,2
DA:92,2
DA:93,2
DA:94,2
DA:96,2
DA:97,3
DA:98,3
DA:99,3
DA:101,3
DA:102,3
DA:103,3
DA:104,3
DA:107,2
DA:108,2
DA:109,2
DA:111,2
DA:112,2
DA:113,2
DA:114,2
DA:117,2
DA:118,3
DA:119,3
DA:121,3
DA:122,3
DA:123,3
DA:124,3
DA:127,2
DA:128,3
DA:129,3
LF:56
LH:53
BRDA:99,0,0,0
BRDA:99,0,1,3
BRDA:99,1,0,3
BRDA:99,1,1,3
BRDA:99,1,2,3
BRDA:99,1,3,3
BRDA:99,1,4,3
BRDA:103,2,0,0
BRDA:103,2,1,3
BRDA:109,3,0,0
BRDA:109,3,1,2
BRDA:109,4,0,2
BRDA:109,4,1,2
BRDA:109,4,2,2
BRDA:113,5,0,0
BRDA:113,5,1,2
BRDA:119,6,0,0
BRDA:119,6,1,3
BRDA:119,7,0,3
BRDA:119,7,1,3
BRDA:119,7,2,3
BRDA:123,8,0,0
BRDA:123,8,1,3
BRDA:128,9,0,0
BRDA:128,9,1,3
BRDA:10,10,0,3
BRDA:10,10,1,2
BRDA:10,11,0,3
BRDA:10,11,1,2
BRDA:10,12,0,0
BRDA:10,12,1,0
BRDA:11,13,0,0
BRDA:17,14,0,3
BRDA:17,14,1,2
BRDA:17,15,0,3
BRDA:17,15,1,2
BRDA:17,16,0,0
BRDA:17,16,1,0
BRDA:18,17,0,0
BRDA:18,17,1,3
BRDA:18,18,0,3
BRDA:18,18,1,3
BRDA:21,19,0,0
BRDA:21,20,0,3
BRDA:21,20,1,3
BRDA:27,21,0,3
BRDA:27,21,1,2
BRDA:27,22,0,3
BRDA:27,22,1,2
BRDA:27,23,0,0
BRDA:27,23,1,1
BRDA:28,24,0,0
BRDA:28,25,0,3
BRDA:28,25,1,3
BRDA:31,26,0,0
BRDA:31,27,0,3
BRDA:31,27,1,3
BRDA:37,28,0,3
BRDA:37,28,1,2
BRDA:37,29,0,3
BRDA:37,29,1,2
BRDA:37,30,0,0
BRDA:37,30,1,0
BRDA:38,31,0,0
BRF:64
BRH:44
end_of_record
TN:
SF:src\services\financialCalculations.js
FN:1,calculateCompoundInterest
FN:20,calculateRequiredMonthlyContribution
FNF:2
FNH:2
FNDA:415,calculateCompoundInterest
FNDA:14,calculateRequiredMonthlyContribution
DA:2,415
DA:3,415
DA:4,415
DA:6,415
DA:8,415
DA:9,102631
DA:10,217
DA:12,102631
DA:13,102631
DA:14,38
DA:17,377
DA:21,14
DA:22,14
DA:23,14
DA:25,14
DA:26,14
DA:27,14
DA:28,14
DA:29,14
DA:31,14
DA:32,396
DA:33,396
DA:36,396
DA:37,0
DA:40,396
DA:42,396
DA:43,256
DA:44,256
DA:46,140
DA:50,14
LF:30
LH:29
BRDA:1,0,0,415
BRDA:1,1,0,415
BRDA:9,2,0,217
BRDA:9,2,1,102414
BRDA:9,3,0,102631
BRDA:9,3,1,102216
BRDA:9,3,2,8147
BRDA:13,4,0,38
BRDA:13,4,1,102593
BRDA:20,5,0,14
BRDA:20,6,0,14
BRDA:23,7,0,0
BRDA:23,7,1,14
BRDA:31,8,0,14
BRDA:31,8,1,396
BRDA:36,9,0,0
BRDA:36,9,1,396
BRDA:36,10,0,396
BRDA:36,10,1,396
BRDA:42,11,0,256
BRDA:42,11,1,140
BRF:21
BRH:19
end_of_record
TN:
SF:src\services\loanCalculations.js
FN:15,generateCreditCardInstallments
FN:67,calculateCasualLoanSummary
FN:71,(anonymous_2)
FN:91,calculateCreditLoanSummary
FN:96,(anonymous_4)
FN:97,(anonymous_5)
FN:101,(anonymous_6)
FN:108,(anonymous_7)
FNF:8
FNH:8
FNDA:7,generateCreditCardInstallments
FNDA:3,calculateCasualLoanSummary
FNDA:4,(anonymous_2)
FNDA:3,calculateCreditLoanSummary
FNDA:10,(anonymous_4)
FNDA:6,(anonymous_5)
FNDA:10,(anonymous_6)
FNDA:8,(anonymous_7)
DA:16,7
DA:17,2
DA:20,5
DA:21,5
DA:22,5
DA:25,5
DA:27,5
DA:28,14
DA:31,14
DA:32,14
DA:33,14
DA:36,14
DA:37,14
DA:40,14
DA:41,14
DA:42,14
DA:45,14
DA:49,14
DA:58,5
DA:68,3
DA:69,3
DA:71,4
DA:72,3
DA:73,3
DA:77,3
DA:92,3
DA:93,3
DA:95,3
DA:96,10
DA:97,6
DA:99,3
DA:101,10
DA:102,3
DA:104,3
DA:108,8
DA:110,3
LF:36
LH:36
BRDA:16,0,0,2
BRDA:16,0,1,5
BRDA:16,1,0,7
BRDA:16,1,1,6
BRDA:16,1,2,6
BRDA:16,1,3,5
BRDA:45,2,0,5
BRDA:45,2,1,9
BRDA:68,3,0,3
BRDA:68,3,1,0
BRDA:69,4,0,3
BRDA:69,4,1,0
BRDA:71,5,0,4
BRDA:71,5,1,0
BRDA:73,6,0,3
BRDA:73,6,1,0
BRDA:92,7,0,3
BRDA:92,7,1,0
BRDA:93,8,0,3
BRDA:93,8,1,0
BRDA:97,9,0,6
BRDA:97,9,1,0
BRDA:104,10,0,3
BRDA:104,10,1,0
BRDA:108,11,0,3
BRDA:108,11,1,1
BRF:26
BRH:18
end_of_record
TN:
SF:src\services\localStorageRepository.js
FN:14,(anonymous_0)
FN:23,(anonymous_1)
FN:31,(anonymous_2)
FN:40,(anonymous_3)
FN:48,(anonymous_4)
FN:57,(anonymous_5)
FNF:6
FNH:6
FNDA:2,(anonymous_0)
FNDA:1,(anonymous_1)
FNDA:1,(anonymous_2)
FNDA:1,(anonymous_3)
FNDA:1,(anonymous_4)
FNDA:1,(anonymous_5)
DA:6,1
DA:7,1
DA:9,1
DA:15,2
DA:16,2
DA:24,1
DA:32,1
DA:33,1
DA:41,1
DA:49,1
DA:50,1
DA:58,1
LF:12
LH:12
BRDA:16,0,0,1
BRDA:16,0,1,1
BRDA:33,1,0,1
BRDA:33,1,1,0
BRDA:50,2,0,1
BRDA:50,2,1,0
BRF:6
BRH:4
end_of_record
